CREATE TABLE "axes_accessattempt" ("id" integer NOT NULL PRIMARY KEY AUTOINCREMENT, "user_agent" varchar(255) NOT NULL, "ip_address" char(39) NULL, "username" varchar(255) NULL, "trusted" bool NOT NULL, "http_accept" varchar(1025) NOT NULL, "path_info" varchar(255) NOT NULL, "attempt_time" datetime NOT NULL, "get_data" text NOT NULL, "post_data" text NOT NULL, "failures_since_start" integer unsigned NOT NULL CHECK ("failures_since_start" >= 0)); (params None)
CREATE TABLE "axes_accesslog" ("id" integer NOT NULL PRIMARY KEY AUTOINCREMENT, "user_agent" varchar(255) NOT NULL, "ip_address" char(39) NULL, "username" varchar(255) NULL, "trusted" bool NOT NULL, "http_accept" varchar(1025) NOT NULL, "path_info" varchar(255) NOT NULL, "attempt_time" datetime NOT NULL, "logout_time" datetime NULL); (params None)
CREATE TABLE "new__axes_accessattempt" ("id" integer NOT NULL PRIMARY KEY AUTOINCREMENT, "user_agent" varchar(255) NOT NULL, "username" varchar(255) NULL, "trusted" bool NOT NULL, "http_accept" varchar(1025) NOT NULL, "path_info" varchar(255) NOT NULL, "attempt_time" datetime NOT NULL, "get_data" text NOT NULL, "post_data" text NOT NULL, "failures_since_start" integer unsigned NOT NULL CHECK ("failures_since_start" >= 0), "ip_address" char(39) NULL); (params None)
INSERT INTO "new__axes_accessattempt" ("id", "user_agent", "username", "trusted", "http_accept", "path_info", "attempt_time", "get_data", "post_data", "failures_since_start", "ip_address") SELECT "id", "user_agent", "username", "trusted", "http_accept", "path_info", "attempt_time", "get_data", "post_data", "failures_since_start", "ip_address" FROM "axes_accessattempt"; (params ())
DROP TABLE "axes_accessattempt"; (params ())
ALTER TABLE "new__axes_accessattempt" RENAME TO "axes_accessattempt"; (params ())
CREATE INDEX "axes_accessattempt_ip_address_10922d9c" ON "axes_accessattempt" ("ip_address"); (params ())
CREATE TABLE "new__axes_accessattempt" ("id" integer NOT NULL PRIMARY KEY AUTOINCREMENT, "user_agent" varchar(255) NOT NULL, "ip_address" char(39) NULL, "username" varchar(255) NULL, "http_accept" varchar(1025) NOT NULL, "path_info" varchar(255) NOT NULL, "attempt_time" datetime NOT NULL, "get_data" text NOT NULL, "post_data" text NOT NULL, "failures_since_start" integer unsigned NOT NULL CHECK ("failures_since_start" >= 0), "trusted" bool NOT NULL); (params None)
INSERT INTO "new__axes_accessattempt" ("id", "user_agent", "ip_address", "username", "http_accept", "path_info", "attempt_time", "get_data", "post_data", "failures_since_start", "trusted") SELECT "id", "user_agent", "ip_address", "username", "http_accept", "path_info", "attempt_time", "get_data", "post_data", "failures_since_start", "trusted" FROM "axes_accessattempt"; (params ())
DROP TABLE "axes_accessattempt"; (params ())
ALTER TABLE "new__axes_accessattempt" RENAME TO "axes_accessattempt"; (params ())
CREATE INDEX "axes_accessattempt_ip_address_10922d9c" ON "axes_accessattempt" ("ip_address"); (params ())
CREATE INDEX "axes_accessattempt_trusted_0eddf52e" ON "axes_accessattempt" ("trusted"); (params ())
CREATE TABLE "new__axes_accessattempt" ("id" integer NOT NULL PRIMARY KEY AUTOINCREMENT, "ip_address" char(39) NULL, "username" varchar(255) NULL, "trusted" bool NOT NULL, "http_accept" varchar(1025) NOT NULL, "path_info" varchar(255) NOT NULL, "attempt_time" datetime NOT NULL, "get_data" text NOT NULL, "post_data" text NOT NULL, "failures_since_start" integer unsigned NOT NULL CHECK ("failures_since_start" >= 0), "user_agent" varchar(255) NOT NULL); (params None)
INSERT INTO "new__axes_accessattempt" ("id", "ip_address", "username", "trusted", "http_accept", "path_info", "attempt_time", "get_data", "post_data", "failures_since_start", "user_agent") SELECT "id", "ip_address", "username", "trusted", "http_accept", "path_info", "attempt_time", "get_data", "post_data", "failures_since_start", "user_agent" FROM "axes_accessattempt"; (params ())
DROP TABLE "axes_accessattempt"; (params ())
ALTER TABLE "new__axes_accessattempt" RENAME TO "axes_accessattempt"; (params ())
CREATE INDEX "axes_accessattempt_ip_address_10922d9c" ON "axes_accessattempt" ("ip_address"); (params ())
CREATE INDEX "axes_accessattempt_trusted_0eddf52e" ON "axes_accessattempt" ("trusted"); (params ())
CREATE INDEX "axes_accessattempt_user_agent_ad89678b" ON "axes_accessattempt" ("user_agent"); (params ())
CREATE TABLE "new__axes_accessattempt" ("id" integer NOT NULL PRIMARY KEY AUTOINCREMENT, "user_agent" varchar(255) NOT NULL, "ip_address" char(39) NULL, "trusted" bool NOT NULL, "http_accept" varchar(1025) NOT NULL, "path_info" varchar(255) NOT NULL, "attempt_time" datetime NOT NULL, "get_data" text NOT NULL, "post_data" text NOT NULL, "failures_since_start" integer unsigned NOT NULL CHECK ("failures_since_start" >= 0), "username" varchar(255) NULL); (params None)
INSERT INTO "new__axes_accessattempt" ("id", "user_agent", "ip_address", "trusted", "http_accept", "path_info", "attempt_time", "get_data", "post_data", "failures_since_start", "username") SELECT "id", "user_agent", "ip_address", "trusted", "http_accept", "path_info", "attempt_time", "get_data", "post_data", "failures_since_start", "username" FROM "axes_accessattempt"; (params ())
DROP TABLE "axes_accessattempt"; (params ())
ALTER TABLE "new__axes_accessattempt" RENAME TO "axes_accessattempt"; (params ())
CREATE INDEX "axes_accessattempt_user_agent_ad89678b" ON "axes_accessattempt" ("user_agent"); (params ())
CREATE INDEX "axes_accessattempt_ip_address_10922d9c" ON "axes_accessattempt" ("ip_address"); (params ())
CREATE INDEX "axes_accessattempt_trusted_0eddf52e" ON "axes_accessattempt" ("trusted"); (params ())
CREATE INDEX "axes_accessattempt_username_3f2d4ca0" ON "axes_accessattempt" ("username"); (params ())
CREATE TABLE "new__axes_accesslog" ("id" integer NOT NULL PRIMARY KEY AUTOINCREMENT, "user_agent" varchar(255) NOT NULL, "username" varchar(255) NULL, "trusted" bool NOT NULL, "http_accept" varchar(1025) NOT NULL, "path_info" varchar(255) NOT NULL, "attempt_time" datetime NOT NULL, "logout_time" datetime NULL, "ip_address" char(39) NULL); (params None)
INSERT INTO "new__axes_accesslog" ("id", "user_agent", "username", "trusted", "http_accept", "path_info", "attempt_time", "logout_time", "ip_address") SELECT "id", "user_agent", "username", "trusted", "http_accept", "path_info", "attempt_time", "logout_time", "ip_address" FROM "axes_accesslog"; (params ())
DROP TABLE "axes_accesslog"; (params ())
ALTER TABLE "new__axes_accesslog" RENAME TO "axes_accesslog"; (params ())
CREATE INDEX "axes_accesslog_ip_address_86b417e5" ON "axes_accesslog" ("ip_address"); (params ())
CREATE TABLE "new__axes_accesslog" ("id" integer NOT NULL PRIMARY KEY AUTOINCREMENT, "user_agent" varchar(255) NOT NULL, "ip_address" char(39) NULL, "username" varchar(255) NULL, "http_accept" varchar(1025) NOT NULL, "path_info" varchar(255) NOT NULL, "attempt_time" datetime NOT NULL, "logout_time" datetime NULL, "trusted" bool NOT NULL); (params None)
INSERT INTO "new__axes_accesslog" ("id", "user_agent", "ip_address", "username", "http_accept", "path_info", "attempt_time", "logout_time", "trusted") SELECT "id", "user_agent", "ip_address", "username", "http_accept", "path_info", "attempt_time", "logout_time", "trusted" FROM "axes_accesslog"; (params ())
DROP TABLE "axes_accesslog"; (params ())
ALTER TABLE "new__axes_accesslog" RENAME TO "axes_accesslog"; (params ())
CREATE INDEX "axes_accesslog_ip_address_86b417e5" ON "axes_accesslog" ("ip_address"); (params ())
CREATE INDEX "axes_accesslog_trusted_496c5681" ON "axes_accesslog" ("trusted"); (params ())
CREATE TABLE "new__axes_accesslog" ("id" integer NOT NULL PRIMARY KEY AUTOINCREMENT, "ip_address" char(39) NULL, "username" varchar(255) NULL, "trusted" bool NOT NULL, "http_accept" varchar(1025) NOT NULL, "path_info" varchar(255) NOT NULL, "attempt_time" datetime NOT NULL, "logout_time" datetime NULL, "user_agent" varchar(255) NOT NULL); (params None)
INSERT INTO "new__axes_accesslog" ("id", "ip_address", "username", "trusted", "http_accept", "path_info", "attempt_time", "logout_time", "user_agent") SELECT "id", "ip_address", "username", "trusted", "http_accept", "path_info", "attempt_time", "logout_time", "user_agent" FROM "axes_accesslog"; (params ())
DROP TABLE "axes_accesslog"; (params ())
ALTER TABLE "new__axes_accesslog" RENAME TO "axes_accesslog"; (params ())
CREATE INDEX "axes_accesslog_ip_address_86b417e5" ON "axes_accesslog" ("ip_address"); (params ())
CREATE INDEX "axes_accesslog_trusted_496c5681" ON "axes_accesslog" ("trusted"); (params ())
CREATE INDEX "axes_accesslog_user_agent_0e659004" ON "axes_accesslog" ("user_agent"); (params ())
CREATE TABLE "new__axes_accesslog" ("id" integer NOT NULL PRIMARY KEY AUTOINCREMENT, "user_agent" varchar(255) NOT NULL, "ip_address" char(39) NULL, "trusted" bool NOT NULL, "http_accept" varchar(1025) NOT NULL, "path_info" varchar(255) NOT NULL, "attempt_time" datetime NOT NULL, "logout_time" datetime NULL, "username" varchar(255) NULL); (params None)
INSERT INTO "new__axes_accesslog" ("id", "user_agent", "ip_address", "trusted", "http_accept", "path_info", "attempt_time", "logout_time", "username") SELECT "id", "user_agent", "ip_address", "trusted", "http_accept", "path_info", "attempt_time", "logout_time", "username" FROM "axes_accesslog"; (params ())
DROP TABLE "axes_accesslog"; (params ())
ALTER TABLE "new__axes_accesslog" RENAME TO "axes_accesslog"; (params ())
CREATE INDEX "axes_accesslog_user_agent_0e659004" ON "axes_accesslog" ("user_agent"); (params ())
CREATE INDEX "axes_accesslog_ip_address_86b417e5" ON "axes_accesslog" ("ip_address"); (params ())
CREATE INDEX "axes_accesslog_trusted_496c5681" ON "axes_accesslog" ("trusted"); (params ())
CREATE INDEX "axes_accesslog_username_df93064b" ON "axes_accesslog" ("username"); (params ())
CREATE TABLE "new__axes_accessattempt" ("id" integer NOT NULL PRIMARY KEY AUTOINCREMENT, "user_agent" varchar(255) NOT NULL, "ip_address" char(39) NULL, "username" varchar(255) NULL, "http_accept" varchar(1025) NOT NULL, "path_info" varchar(255) NOT NULL, "attempt_time" datetime NOT NULL, "get_data" text NOT NULL, "post_data" text NOT NULL, "failures_since_start" integer unsigned NOT NULL CHECK ("failures_since_start" >= 0)); (params None)
INSERT INTO "new__axes_accessattempt" ("id", "user_agent", "ip_address", "username", "http_accept", "path_info", "attempt_time", "get_data", "post_data", "failures_since_start") SELECT "id", "user_agent", "ip_address", "username", "http_accept", "path_info", "attempt_time", "get_data", "post_data", "failures_since_start" FROM "axes_accessattempt"; (params ())
DROP TABLE "axes_accessattempt"; (params ())
ALTER TABLE "new__axes_accessattempt" RENAME TO "axes_accessattempt"; (params ())
CREATE INDEX "axes_accessattempt_user_agent_ad89678b" ON "axes_accessattempt" ("user_agent"); (params ())
CREATE INDEX "axes_accessattempt_ip_address_10922d9c" ON "axes_accessattempt" ("ip_address"); (params ())
CREATE INDEX "axes_accessattempt_username_3f2d4ca0" ON "axes_accessattempt" ("username"); (params ())
CREATE TABLE "new__axes_accesslog" ("id" integer NOT NULL PRIMARY KEY AUTOINCREMENT, "user_agent" varchar(255) NOT NULL, "ip_address" char(39) NULL, "username" varchar(255) NULL, "http_accept" varchar(1025) NOT NULL, "path_info" varchar(255) NOT NULL, "attempt_time" datetime NOT NULL, "logout_time" datetime NULL); (params None)
INSERT INTO "new__axes_accesslog" ("id", "user_agent", "ip_address", "username", "http_accept", "path_info", "attempt_time", "logout_time") SELECT "id", "user_agent", "ip_address", "username", "http_accept", "path_info", "attempt_time", "logout_time" FROM "axes_accesslog"; (params ())
DROP TABLE "axes_accesslog"; (params ())
ALTER TABLE "new__axes_accesslog" RENAME TO "axes_accesslog"; (params ())
CREATE INDEX "axes_accesslog_user_agent_0e659004" ON "axes_accesslog" ("user_agent"); (params ())
CREATE INDEX "axes_accesslog_ip_address_86b417e5" ON "axes_accesslog" ("ip_address"); (params ())
CREATE INDEX "axes_accesslog_username_df93064b" ON "axes_accesslog" ("username"); (params ())
CREATE UNIQUE INDEX "axes_accessattempt_username_ip_address_user_agent_8ea22282_uniq" ON "axes_accessattempt" ("username", "ip_address", "user_agent"); (params ())
CREATE TABLE "axes_accessfailurelog" ("id" integer NOT NULL PRIMARY KEY AUTOINCREMENT, "user_agent" varchar(255) NOT NULL, "ip_address" char(39) NULL, "username" varchar(255) NULL, "http_accept" varchar(1025) NOT NULL, "path_info" varchar(255) NOT NULL, "attempt_time" datetime NOT NULL, "locked_out" bool NOT NULL); (params None)
CREATE INDEX "axes_accessfailurelog_user_agent_ea145dda" ON "axes_accessfailurelog" ("user_agent"); (params None)
CREATE INDEX "axes_accessfailurelog_ip_address_2e9f5a7f" ON "axes_accessfailurelog" ("ip_address"); (params None)
CREATE INDEX "axes_accessfailurelog_username_a8b7e8a4" ON "axes_accessfailurelog" ("username"); (params None)
CREATE TABLE "new__axes_accesslog" ("id" integer NOT NULL PRIMARY KEY AUTOINCREMENT, "user_agent" varchar(255) NOT NULL, "ip_address" char(39) NULL, "username" varchar(255) NULL, "http_accept" varchar(1025) NOT NULL, "path_info" varchar(255) NOT NULL, "attempt_time" datetime NOT NULL, "logout_time" datetime NULL, "session_hash" varchar(64) NOT NULL); (params None)
INSERT INTO "new__axes_accesslog" ("id", "user_agent", "ip_address", "username", "http_accept", "path_info", "attempt_time", "logout_time", "session_hash") SELECT "id", "user_agent", "ip_address", "username", "http_accept", "path_info", "attempt_time", "logout_time", '' FROM "axes_accesslog"; (params ())
DROP TABLE "axes_accesslog"; (params ())
ALTER TABLE "new__axes_accesslog" RENAME TO "axes_accesslog"; (params ())
CREATE INDEX "axes_accesslog_user_agent_0e659004" ON "axes_accesslog" ("user_agent"); (params ())
CREATE INDEX "axes_accesslog_ip_address_86b417e5" ON "axes_accesslog" ("ip_address"); (params ())
CREATE INDEX "axes_accesslog_username_df93064b" ON "axes_accesslog" ("username"); (params ())
